[04-Jun-2020 04:38:36 UTC] PHP Warning:  An unexpected error occurred. Something may be wrong with WordPress.org or this server&#8217;s configuration. If you continue to have problems, please try the <a href="https://wordpress.org/support/forums/">support forums</a>. (WordPress could not establish a secure connection to WordPress.org. Please contact your server administrator.) in /home/tahier/Local Sites/fictional-college/app/public/wp-includes/update.php on line 162
[04-Jun-2020 04:38:36 UTC] PHP Stack trace:
[04-Jun-2020 04:38:36 UTC] PHP   1. {main}() /home/tahier/Local Sites/fictional-college/app/public/wp-cron.php:0
[04-Jun-2020 04:38:36 UTC] PHP   2. do_action_ref_array() /home/tahier/Local Sites/fictional-college/app/public/wp-cron.php:138
[04-Jun-2020 04:38:36 UTC] PHP   3. WP_Hook->do_action() /home/tahier/Local Sites/fictional-college/app/public/wp-includes/plugin.php:544
[04-Jun-2020 04:38:36 UTC] PHP   4. WP_Hook->apply_filters() /home/tahier/Local Sites/fictional-college/app/public/wp-includes/class-wp-hook.php:311
[04-Jun-2020 04:38:36 UTC] PHP   5. wp_version_check() /home/tahier/Local Sites/fictional-college/app/public/wp-includes/class-wp-hook.php:287
[04-Jun-2020 04:38:36 UTC] PHP   6. trigger_error() /home/tahier/Local Sites/fictional-college/app/public/wp-includes/update.php:162
[04-Jun-2020 04:38:36 UTC] PHP Warning:  An unexpected error occurred. Something may be wrong with WordPress.org or this server&#8217;s configuration. If you continue to have problems, please try the <a href="https://wordpress.org/support/forums/">support forums</a>. (WordPress could not establish a secure connection to WordPress.org. Please contact your server administrator.) in /home/tahier/Local Sites/fictional-college/app/public/wp-includes/update.php on line 388
[04-Jun-2020 04:38:36 UTC] PHP Stack trace:
[04-Jun-2020 04:38:36 UTC] PHP   1. {main}() /home/tahier/Local Sites/fictional-college/app/public/wp-cron.php:0
[04-Jun-2020 04:38:36 UTC] PHP   2. do_action_ref_array() /home/tahier/Local Sites/fictional-college/app/public/wp-cron.php:138
[04-Jun-2020 04:38:36 UTC] PHP   3. WP_Hook->do_action() /home/tahier/Local Sites/fictional-college/app/public/wp-includes/plugin.php:544
[04-Jun-2020 04:38:36 UTC] PHP   4. WP_Hook->apply_filters() /home/tahier/Local Sites/fictional-college/app/public/wp-includes/class-wp-hook.php:311
[04-Jun-2020 04:38:36 UTC] PHP   5. wp_update_plugins() /home/tahier/Local Sites/fictional-college/app/public/wp-includes/class-wp-hook.php:287
[04-Jun-2020 04:38:36 UTC] PHP   6. trigger_error() /home/tahier/Local Sites/fictional-college/app/public/wp-includes/update.php:388
[04-Jun-2020 04:38:36 UTC] PHP Warning:  An unexpected error occurred. Something may be wrong with WordPress.org or this server&#8217;s configuration. If you continue to have problems, please try the <a href="https://wordpress.org/support/forums/">support forums</a>. (WordPress could not establish a secure connection to WordPress.org. Please contact your server administrator.) in /home/tahier/Local Sites/fictional-college/app/public/wp-includes/update.php on line 578
[04-Jun-2020 04:38:36 UTC] PHP Stack trace:
[04-Jun-2020 04:38:36 UTC] PHP   1. {main}() /home/tahier/Local Sites/fictional-college/app/public/wp-cron.php:0
[04-Jun-2020 04:38:36 UTC] PHP   2. do_action_ref_array() /home/tahier/Local Sites/fictional-college/app/public/wp-cron.php:138
[04-Jun-2020 04:38:36 UTC] PHP   3. WP_Hook->do_action() /home/tahier/Local Sites/fictional-college/app/public/wp-includes/plugin.php:544
[04-Jun-2020 04:38:36 UTC] PHP   4. WP_Hook->apply_filters() /home/tahier/Local Sites/fictional-college/app/public/wp-includes/class-wp-hook.php:311
[04-Jun-2020 04:38:36 UTC] PHP   5. wp_update_themes() /home/tahier/Local Sites/fictional-college/app/public/wp-includes/class-wp-hook.php:287
[04-Jun-2020 04:38:36 UTC] PHP   6. trigger_error() /home/tahier/Local Sites/fictional-college/app/public/wp-includes/update.php:578
[04-Jun-2020 19:50:48 UTC] PHP Warning:  An unexpected error occurred. Something may be wrong with WordPress.org or this server&#8217;s configuration. If you continue to have problems, please try the <a href="https://wordpress.org/support/forums/">support forums</a>. (WordPress could not establish a secure connection to WordPress.org. Please contact your server administrator.) in /home/tahier/Local Sites/fictional-college/app/public/wp-includes/update.php on line 162
[04-Jun-2020 19:50:48 UTC] PHP Stack trace:
[04-Jun-2020 19:50:48 UTC] PHP   1. {main}() /home/tahier/Local Sites/fictional-college/app/public/wp-cron.php:0
[04-Jun-2020 19:50:48 UTC] PHP   2. do_action_ref_array() /home/tahier/Local Sites/fictional-college/app/public/wp-cron.php:138
[04-Jun-2020 19:50:48 UTC] PHP   3. WP_Hook->do_action() /home/tahier/Local Sites/fictional-college/app/public/wp-includes/plugin.php:544
[04-Jun-2020 19:50:48 UTC] PHP   4. WP_Hook->apply_filters() /home/tahier/Local Sites/fictional-college/app/public/wp-includes/class-wp-hook.php:311
[04-Jun-2020 19:50:48 UTC] PHP   5. wp_version_check() /home/tahier/Local Sites/fictional-college/app/public/wp-includes/class-wp-hook.php:287
[04-Jun-2020 19:50:48 UTC] PHP   6. trigger_error() /home/tahier/Local Sites/fictional-college/app/public/wp-includes/update.php:162
[04-Jun-2020 19:50:48 UTC] PHP Warning:  An unexpected error occurred. Something may be wrong with WordPress.org or this server&#8217;s configuration. If you continue to have problems, please try the <a href="https://wordpress.org/support/forums/">support forums</a>. (WordPress could not establish a secure connection to WordPress.org. Please contact your server administrator.) in /home/tahier/Local Sites/fictional-college/app/public/wp-includes/update.php on line 388
[04-Jun-2020 19:50:48 UTC] PHP Stack trace:
[04-Jun-2020 19:50:48 UTC] PHP   1. {main}() /home/tahier/Local Sites/fictional-college/app/public/wp-cron.php:0
[04-Jun-2020 19:50:48 UTC] PHP   2. do_action_ref_array() /home/tahier/Local Sites/fictional-college/app/public/wp-cron.php:138
[04-Jun-2020 19:50:48 UTC] PHP   3. WP_Hook->do_action() /home/tahier/Local Sites/fictional-college/app/public/wp-includes/plugin.php:544
[04-Jun-2020 19:50:48 UTC] PHP   4. WP_Hook->apply_filters() /home/tahier/Local Sites/fictional-college/app/public/wp-includes/class-wp-hook.php:311
[04-Jun-2020 19:50:48 UTC] PHP   5. wp_update_plugins() /home/tahier/Local Sites/fictional-college/app/public/wp-includes/class-wp-hook.php:287
[04-Jun-2020 19:50:48 UTC] PHP   6. trigger_error() /home/tahier/Local Sites/fictional-college/app/public/wp-includes/update.php:388
[04-Jun-2020 19:50:48 UTC] PHP Warning:  An unexpected error occurred. Something may be wrong with WordPress.org or this server&#8217;s configuration. If you continue to have problems, please try the <a href="https://wordpress.org/support/forums/">support forums</a>. (WordPress could not establish a secure connection to WordPress.org. Please contact your server administrator.) in /home/tahier/Local Sites/fictional-college/app/public/wp-includes/update.php on line 578
[04-Jun-2020 19:50:48 UTC] PHP Stack trace:
[04-Jun-2020 19:50:48 UTC] PHP   1. {main}() /home/tahier/Local Sites/fictional-college/app/public/wp-cron.php:0
[04-Jun-2020 19:50:48 UTC] PHP   2. do_action_ref_array() /home/tahier/Local Sites/fictional-college/app/public/wp-cron.php:138
[04-Jun-2020 19:50:48 UTC] PHP   3. WP_Hook->do_action() /home/tahier/Local Sites/fictional-college/app/public/wp-includes/plugin.php:544
[04-Jun-2020 19:50:48 UTC] PHP   4. WP_Hook->apply_filters() /home/tahier/Local Sites/fictional-college/app/public/wp-includes/class-wp-hook.php:311
[04-Jun-2020 19:50:48 UTC] PHP   5. wp_update_themes() /home/tahier/Local Sites/fictional-college/app/public/wp-includes/class-wp-hook.php:287
[04-Jun-2020 19:50:48 UTC] PHP   6. trigger_error() /home/tahier/Local Sites/fictional-college/app/public/wp-includes/update.php:578
[08-Jun-2020 07:14:09 UTC] PHP Warning:  An unexpected error occurred. Something may be wrong with WordPress.org or this server&#8217;s configuration. If you continue to have problems, please try the <a href="https://wordpress.org/support/forums/">support forums</a>. (WordPress could not establish a secure connection to WordPress.org. Please contact your server administrator.) in /home/tahier/Local Sites/fictional-college/app/public/wp-admin/includes/translation-install.php on line 68
[08-Jun-2020 07:14:09 UTC] PHP Stack trace:
[08-Jun-2020 07:14:09 UTC] PHP   1. {main}() /home/tahier/Local Sites/fictional-college/app/public/wp-admin/options-general.php:0
[08-Jun-2020 07:14:09 UTC] PHP   2. wp_get_available_translations() /home/tahier/Local Sites/fictional-college/app/public/wp-admin/options-general.php:159
[08-Jun-2020 07:14:09 UTC] PHP   3. translations_api() /home/tahier/Local Sites/fictional-college/app/public/wp-admin/includes/translation-install.php:133
[08-Jun-2020 07:14:09 UTC] PHP   4. trigger_error() /home/tahier/Local Sites/fictional-college/app/public/wp-admin/includes/translation-install.php:68
